<?xml version="1.0" encoding="UTF-8"?>
<!-- Generated by org.testng.reporters.JUnitXMLReporter -->
<testsuite ignored="0" hostname="DESKTOP-8FP92BJ" failures="0" tests="3" name="Default test" time="0.282" errors="0" timestamp="2023-11-27T21:28:55 EST">
  <testcase classname="TestNg_Day3.ParamWithDataProvider" name="printDataProvider" time="0.048"/>
  <testcase classname="TestNg_Day3.ParamWithDataProvider" name="printDataProvider" time="0.005"/>
  <testcase classname="TestNg_Day3.ParamWithDataProvider" name="printDataProvider" time="0.004"/>
</testsuite> <!-- Default test -->
