<?xml version="1.0" encoding="UTF-8"?>
<!-- Generated by org.testng.reporters.JUnitXMLReporter -->
<testsuite ignored="5" hostname="DESKTOP-8FP92BJ" failures="0" tests="0" time="0.018" errors="0" timestamp="2023-11-22T21:50:16 EST">
  <testcase classname="TestNG_Day1.ignoringTests" name="assertTesting" time="0.0">
    <ignored/>
  </testcase> <!-- assertTesting -->
  <testcase classname="TestNG_Day1.BasicAnnotations" name="test1" time="0.0">
    <ignored/>
  </testcase> <!-- test1 -->
  <testcase classname="TestNG_Day1.AnotherExampleOfTheTest" name="test4" time="0.0">
    <ignored/>
  </testcase> <!-- test4 -->
  <testcase classname="TestNG_Day1.ignoringTests" name="testPrintMessage" time="0.0">
    <ignored/>
  </testcase> <!-- testPrintMessage -->
  <testcase classname="TestNG_Day1.BasicAnnotations" name="test2" time="0.0">
    <ignored/>
  </testcase> <!-- test2 -->
</testsuite>
