<?xml version="1.0" encoding="UTF-8"?>
<testng-results ignored="0" total="3" passed="3" failed="0" skipped="0">
  <reporter-output>
  </reporter-output>
  <suite started-at="2023-11-27T21:28:55 EST" name="Default suite" finished-at="2023-11-27T21:28:55 EST" duration-ms="282">
    <groups>
    </groups>
    <test started-at="2023-11-27T21:28:55 EST" name="Default test" finished-at="2023-11-27T21:28:55 EST" duration-ms="282">
      <class name="TestNg_Day3.ParamWithDataProvider">
        <test-method signature="printDataProvider(java.lang.String,java.lang.String,int)[pri:0, instance:TestNg_Day3.ParamWithDataProvider@158d2680]" started-at="2023-11-27T21:28:55 EST" name="printDataProvider" data-provider="dataProvider1" finished-at="2023-11-27T21:28:55 EST" duration-ms="48" status="PASS">
          <params>
            <param index="0">
              <value>
                <![CDATA[Shafkat]]>
              </value>
            </param>
            <param index="1">
              <value>
                <![CDATA[Leader Jacket]]>
              </value>
            </param>
            <param index="2">
              <value>
                <![CDATA[37]]>
              </value>
            </param>
          </params>
          <reporter-output>
          </reporter-output>
        </test-method> <!-- printDataProvider -->
        <test-method signature="printDataProvider(java.lang.String,java.lang.String,int)[pri:0, instance:TestNg_Day3.ParamWithDataProvider@158d2680]" started-at="2023-11-27T21:28:55 EST" name="printDataProvider" data-provider="dataProvider1" finished-at="2023-11-27T21:28:55 EST" duration-ms="5" status="PASS">
          <params>
            <param index="0">
              <value>
                <![CDATA[Saroj]]>
              </value>
            </param>
            <param index="1">
              <value>
                <![CDATA[T-Shirt]]>
              </value>
            </param>
            <param index="2">
              <value>
                <![CDATA[24]]>
              </value>
            </param>
          </params>
          <reporter-output>
          </reporter-output>
        </test-method> <!-- printDataProvider -->
        <test-method signature="printDataProvider(java.lang.String,java.lang.String,int)[pri:0, instance:TestNg_Day3.ParamWithDataProvider@158d2680]" started-at="2023-11-27T21:28:55 EST" name="printDataProvider" data-provider="dataProvider1" finished-at="2023-11-27T21:28:55 EST" duration-ms="4" status="PASS">
          <params>
            <param index="0">
              <value>
                <![CDATA[April]]>
              </value>
            </param>
            <param index="1">
              <value>
                <![CDATA[khakis]]>
              </value>
            </param>
            <param index="2">
              <value>
                <![CDATA[32]]>
              </value>
            </param>
          </params>
          <reporter-output>
          </reporter-output>
        </test-method> <!-- printDataProvider -->
      </class> <!-- TestNg_Day3.ParamWithDataProvider -->
    </test> <!-- Default test -->
  </suite> <!-- Default suite -->
</testng-results>
